d:\documents\jifaley\code\learnopengl\learnopengl\learnopengl\release\vc141.pdb
d:\documents\jifaley\code\learnopengl\learnopengl\learnopengl\release\vertexbufferlayout.obj
d:\documents\jifaley\code\learnopengl\learnopengl\learnopengl\release\vertexbuffer.obj
d:\documents\jifaley\code\learnopengl\learnopengl\learnopengl\release\vertexarray.obj
d:\documents\jifaley\code\learnopengl\learnopengl\learnopengl\release\stb_image.obj
d:\documents\jifaley\code\learnopengl\learnopengl\learnopengl\release\imgui_impl_glfw_gl3.obj
d:\documents\jifaley\code\learnopengl\learnopengl\learnopengl\release\imgui_draw.obj
d:\documents\jifaley\code\learnopengl\learnopengl\learnopengl\release\imgui_demo.obj
d:\documents\jifaley\code\learnopengl\learnopengl\learnopengl\release\imgui.obj
d:\documents\jifaley\code\learnopengl\learnopengl\learnopengl\release\glm.obj
d:\documents\jifaley\code\learnopengl\learnopengl\learnopengl\release\texture.obj
d:\documents\jifaley\code\learnopengl\learnopengl\learnopengl\release\testclearcolor.obj
d:\documents\jifaley\code\learnopengl\learnopengl\learnopengl\release\test.obj
d:\documents\jifaley\code\learnopengl\learnopengl\learnopengl\release\shader.obj
d:\documents\jifaley\code\learnopengl\learnopengl\learnopengl\release\renderer.obj
d:\documents\jifaley\code\learnopengl\learnopengl\learnopengl\release\indexbuffer.obj
d:\documents\jifaley\code\learnopengl\learnopengl\learnopengl\release\applications.obj
d:\documents\jifaley\code\learnopengl\learnopengl\learnopengl\release\learnopengl.tlog\cl.command.1.tlog
d:\documents\jifaley\code\learnopengl\learnopengl\learnopengl\release\learnopengl.tlog\cl.read.1.tlog
d:\documents\jifaley\code\learnopengl\learnopengl\learnopengl\release\learnopengl.tlog\cl.write.1.tlog
